<?xml version="1.0" encoding="UTF-8"?>
<beans:beans xmlns="http://www.springframework.org/schema/mvc"
	xmlns:xsi="http://www.w3.org/2001/XMLSchema-instance"
	xmlns:beans="http://www.springframework.org/schema/beans"
	xmlns:context="http://www.springframework.org/schema/context"
	xmlns:tx="http://www.springframework.org/schema/tx"
	xmlns:util="http://www.springframework.org/schema/util"
	xsi:schemaLocation="http://www.springframework.org/schema/mvc http://www.springframework.org/schema/mvc/spring-mvc-3.0.xsd
		http://www.springframework.org/schema/beans http://www.springframework.org/schema/beans/spring-beans-3.0.xsd
		http://www.springframework.org/schema/util http://www.springframework.org/schema/util/spring-util-3.0.xsd
		http://www.springframework.org/schema/tx http://www.springframework.org/schema/tx/spring-tx-3.0.xsd
		http://www.springframework.org/schema/context http://www.springframework.org/schema/context/spring-context-3.0.xsd">

	<!-- DispatcherServlet Context: defines this servlet's request-processing infrastructure -->
	
	<!-- Enables the Spring MVC @Controller programming model -->
	<annotation-driven />
	<!-- <default-servlet-handler/> -->
	
	<!-- Handles HTTP GET requests for /resources/** by efficiently serving up static resources in the ${webappRoot}/resources directory -->
	<resources mapping="/resources/**" location="/resources/" />
	
	<util:properties id="config" location="classpath:config.properties"/>
	
	<!-- Resolves views selected for rendering by @Controllers to .jsp resources in the /WEB-INF/views directory -->
	<beans:bean class="org.springframework.web.servlet.view.InternalResourceViewResolver">
		<beans:property name="prefix" value="/WEB-INF/views/" />
		<beans:property name="suffix" value=".jsp" />
	</beans:bean>
	
	<context:component-scan base-package="com.jkonury.www" />
	
	<context:annotation-config/>
	<tx:annotation-driven transaction-manager="transactionManager"/>
	
	<!-- default mapping -->
	<beans:bean class="org.springframework.web.servlet.mvc.annotation.AnnotationMethodHandlerAdapter" >
		<beans:property name="order" value="1"/>
		<beans:property name="messageConverters">
			<beans:list>
				<beans:bean class="org.springframework.http.converter.json.MappingJacksonHttpMessageConverter" />
			</beans:list>
		</beans:property>
	</beans:bean>
	
	<!-- file resolver -->
	<beans:bean id="multipartResolver" class="org.springframework.web.multipart.commons.CommonsMultipartResolver">
		<beans:property name="defaultEncoding" value="ISO-8859-1"/>
		<beans:property name="maxUploadSize" value="100000000"/>
	</beans:bean>
	
	<!-- dbcp config -->
	<context:property-placeholder location="classpath:db.properties"/>
	<beans:bean id="dataSource" class="org.apache.commons.dbcp.BasicDataSource">
		<beans:property name="driverClassName" value="${dbcp.driverClassName}" />
		<beans:property name="url" value="${dbcp.url}" />
		<beans:property name="username" value="${dbcp.username}" />
		<beans:property name="password" value="${dbcp.password}" />
	</beans:bean>
	<!-- 
 		jsp 에서 사용
 		<spring:eval expression="@db['db.username']" /> 
 	 -->
 	 <!--
 	 	java에서 사용
 	 	@Value("#{db['db.driverclassname']}")
		private String defaultString; 
 	  -->
	
	<beans:bean id="transactionManager" class="org.springframework.jdbc.datasource.DataSourceTransactionManager" >
		<beans:property name="dataSource" ref="dataSource"/>
	</beans:bean>
	
	<!-- iBatis -->
	
	<beans:bean id="sqlMapClient" class="org.springframework.orm.ibatis.SqlMapClientFactoryBean">
		<beans:property name="dataSource" ref="dataSource" />
		<beans:property name="configLocation" value="classpath:ibatis/sqlMapConfig.xml" />
	</beans:bean>
	
	<beans:bean id="messageSource" class="org.springframework.context.support.ResourceBundleMessageSource">
		<beans:property name="basenames">
			<beans:list>
				<beans:value>/message/messages</beans:value>
				<beans:value>/message/user</beans:value>
			</beans:list>
		</beans:property>
	</beans:bean>
</beans:beans>
